This file contains any messages produced by compilers while
running configure, to aid debugging if configure makes a mistake.

It was created by dfu-programmer configure 0.7.0, which was
generated by GNU Autoconf 2.68.  Invocation command line was

  $ ./configure 

## --------- ##
## Platform. ##
## --------- ##

hostname = Slackbook
uname -m = x86_64
uname -r = 18.2.0
uname -s = Darwin
uname -v = Darwin Kernel Version 18.2.0: Fri Oct  5 19:41:49 PDT 2018; root:xnu-4903.221.2~2/RELEASE_X86_64

/usr/bin/uname -p = i386
/bin/uname -X     = unknown

/bin/arch              = unknown
/usr/bin/arch -k       = unknown
/usr/convex/getsysinfo = unknown
/usr/bin/hostinfo      = Mach kernel version:
	 Darwin Kernel Version 18.2.0: Fri Oct  5 19:41:49 PDT 2018; root:xnu-4903.221.2~2/RELEASE_X86_64
Kernel configured for up to 8 processors.
4 processors are physically available.
8 processors are logically available.
Processor type: x86_64h (Intel x86-64h Haswell)
Processors active: 0 1 2 3 4 5 6 7
Primary memory available: 16.00 gigabytes
Default processor set: 394 tasks, 2111 threads, 8 processors
Load average: 4.65, Mach factor: 3.88
/bin/machine           = unknown
/usr/bin/oslevel       = unknown
/bin/universe          = unknown

PATH: /Users/rl/Sites/libraries/qmk/node_modules/.bin
PATH: /Users/rl/.config/yarn/link/node_modules/.bin
PATH: /Users/rl/Sites/libraries/qmk/node_modules/.bin
PATH: /Users/rl/.config/yarn/link/node_modules/.bin
PATH: /Users/rl/.nvm/versions/node/v10.14.2/libexec/lib/node_modules/npm/bin/node-gyp-bin
PATH: /Users/rl/.nvm/versions/node/v10.14.2/lib/node_modules/npm/bin/node-gyp-bin
PATH: /Users/rl/.nvm/versions/node/v10.14.2/bin/node_modules/npm/bin/node-gyp-bin
PATH: /Users/rl/.nvm/versions/node/v10.14.2/bin
PATH: /Users/rl/bin
PATH: /usr/local/bin
PATH: /Users/rl/bin
PATH: /usr/local/bin
PATH: /Users/rl/bin
PATH: /usr/local/bin
PATH: /usr/local/bin
PATH: /usr/bin
PATH: /bin
PATH: /usr/sbin
PATH: /sbin
PATH: /Users/rl/go/bin
PATH: /usr/local/opt/go/libexec/bin
PATH: /usr/local/Cellar/bind/9.11.2/bin


## ----------- ##
## Core tests. ##
## ----------- ##

configure:2104: checking for a BSD-compatible install
configure:2172: result: /usr/bin/install -c
configure:2183: checking whether build environment is sane
configure:2233: result: yes
configure:2374: checking for a thread-safe mkdir -p
configure:2413: result: m4/install-sh -c -d
configure:2426: checking for gawk
configure:2456: result: no
configure:2426: checking for mawk
configure:2456: result: no
configure:2426: checking for nawk
configure:2456: result: no
configure:2426: checking for awk
configure:2442: found /usr/bin/awk
configure:2453: result: awk
configure:2464: checking whether make sets $(MAKE)
configure:2486: result: yes
configure:2570: checking whether to enable maintainer-specific portions of Makefiles
configure:2579: result: no
configure:2642: checking for gcc
configure:2658: found /usr/bin/gcc
configure:2669: result: gcc
configure:2898: checking for C compiler version
configure:2907: gcc --version >&5
Apple LLVM version 10.0.0 (clang-1000.11.45.5)
Target: x86_64-apple-darwin18.2.0
Thread model: posix
InstalledDir: /Applications/Xcode.app/Contents/Developer/Toolchains/XcodeDefault.xctoolchain/usr/bin
Configured with: --prefix=/Applications/Xcode.app/Contents/Developer/usr --with-gxx-include-dir=/Applications/Xcode.app/Contents/Developer/Platforms/MacOSX.platform/Developer/SDKs/MacOSX10.14.sdk/usr/include/c++/4.2.1
configure:2918: $? = 0
configure:2907: gcc -v >&5
Configured with: --prefix=/Applications/Xcode.app/Contents/Developer/usr --with-gxx-include-dir=/Applications/Xcode.app/Contents/Developer/Platforms/MacOSX.platform/Developer/SDKs/MacOSX10.14.sdk/usr/include/c++/4.2.1
Apple LLVM version 10.0.0 (clang-1000.11.45.5)
Target: x86_64-apple-darwin18.2.0
Thread model: posix
InstalledDir: /Applications/Xcode.app/Contents/Developer/Toolchains/XcodeDefault.xctoolchain/usr/bin
configure:2918: $? = 0
configure:2907: gcc -V >&5
clang: error: argument to '-V' is missing (expected 1 value)
clang: error: no input files
configure:2918: $? = 1
configure:2907: gcc -qversion >&5
clang: error: unknown argument: '-qversion'
clang: error: no input files
configure:2918: $? = 1
configure:2938: checking whether the C compiler works
configure:2960: gcc    conftest.c  >&5
configure:2964: $? = 0
configure:3012: result: yes
configure:3015: checking for C compiler default output file name
configure:3017: result: a.out
configure:3023: checking for suffix of executables
configure:3030: gcc -o conftest    conftest.c  >&5
configure:3034: $? = 0
configure:3056: result: 
configure:3078: checking whether we are cross compiling
configure:3086: gcc -o conftest    conftest.c  >&5
configure:3090: $? = 0
configure:3097: ./conftest
configure:3101: $? = 0
configure:3116: result: no
configure:3121: checking for suffix of object files
configure:3143: gcc -c   conftest.c >&5
configure:3147: $? = 0
configure:3168: result: o
configure:3172: checking whether we are using the GNU C compiler
configure:3191: gcc -c   conftest.c >&5
configure:3191: $? = 0
configure:3200: result: yes
configure:3209: checking whether gcc accepts -g
configure:3229: gcc -c -g  conftest.c >&5
configure:3229: $? = 0
configure:3270: result: yes
configure:3287: checking for gcc option to accept ISO C89
configure:3351: gcc  -c -g -O2  conftest.c >&5
configure:3351: $? = 0
configure:3364: result: none needed
configure:3395: checking for style of include used by make
configure:3423: result: GNU
configure:3448: checking dependency style of gcc
configure:3558: result: gcc3
configure:4107: checking for ANSI C header files
configure:4127: gcc -c -g -O2 -I${includedir}/libusb-1.0 -I${oldincludedir}/libusb-1.0  conftest.c >&5
configure:4127: $? = 0
./configure: line 4141: conftest.c: command not found
configure:4211: result: no
configure:4221: checking for an ANSI C-conforming const
configure:4286: gcc -c -g -O2 -I${includedir}/libusb-1.0 -I${oldincludedir}/libusb-1.0  conftest.c >&5
configure:4286: $? = 0
configure:4293: result: yes
configure:4301: checking for size_t
configure:4301: gcc -c -g -O2 -I${includedir}/libusb-1.0 -I${oldincludedir}/libusb-1.0  conftest.c >&5
configure:4301: $? = 0
configure:4301: gcc -c -g -O2 -I${includedir}/libusb-1.0 -I${oldincludedir}/libusb-1.0  conftest.c >&5
conftest.c:48:21: error: expected expression
if (sizeof ((size_t)))
                    ^
1 error generated.
configure:4301: $? = 1
configure: failed program was:
| /* confdefs.h */
| #define PACKAGE_NAME "dfu-programmer"
| #define PACKAGE_TARNAME "dfu-programmer"
| #define PACKAGE_VERSION "0.7.0"
| #define PACKAGE_STRING "dfu-programmer 0.7.0"
| #define PACKAGE_BUGREPORT ""
| #define PACKAGE_URL "https://github.com/dfu-programmer/dfu-programmer"
| #define PACKAGE "dfu-programmer"
| #define VERSION "0.7.0"
| #define HAVE_LIBUSB_1_0 1
| /* end confdefs.h.  */
| #include <stdio.h>
| #ifdef HAVE_SYS_TYPES_H
| # include <sys/types.h>
| #endif
| #ifdef HAVE_SYS_STAT_H
| # include <sys/stat.h>
| #endif
| #ifdef STDC_HEADERS
| # include <stdlib.h>
| # include <stddef.h>
| #else
| # ifdef HAVE_STDLIB_H
| #  include <stdlib.h>
| # endif
| #endif
| #ifdef HAVE_STRING_H
| # if !defined STDC_HEADERS && defined HAVE_MEMORY_H
| #  include <memory.h>
| # endif
| # include <string.h>
| #endif
| #ifdef HAVE_STRINGS_H
| # include <strings.h>
| #endif
| #ifdef HAVE_INTTYPES_H
| # include <inttypes.h>
| #endif
| #ifdef HAVE_STDINT_H
| # include <stdint.h>
| #endif
| #ifdef HAVE_UNISTD_H
| # include <unistd.h>
| #endif
| int
| main ()
| {
| if (sizeof ((size_t)))
| 	    return 0;
|   ;
|   return 0;
| }
configure:4301: result: yes
configure:4316: checking stdlib.h usability
configure:4316: gcc -c -g -O2 -I${includedir}/libusb-1.0 -I${oldincludedir}/libusb-1.0  conftest.c >&5
configure:4316: $? = 0
configure:4316: result: yes
configure:4316: checking stdlib.h presence
configure:4316:   conftest.c
./configure: line 1469: conftest.c: command not found
configure:4316: $? = 127
configure: failed program was:
| /* confdefs.h */
| #define PACKAGE_NAME "dfu-programmer"
| #define PACKAGE_TARNAME "dfu-programmer"
| #define PACKAGE_VERSION "0.7.0"
| #define PACKAGE_STRING "dfu-programmer 0.7.0"
| #define PACKAGE_BUGREPORT ""
| #define PACKAGE_URL "https://github.com/dfu-programmer/dfu-programmer"
| #define PACKAGE "dfu-programmer"
| #define VERSION "0.7.0"
| #define HAVE_LIBUSB_1_0 1
| /* end confdefs.h.  */
| #include <stdlib.h>
configure:4316: result: no
configure:4316: WARNING: stdlib.h: accepted by the compiler, rejected by the preprocessor!
configure:4316: WARNING: stdlib.h: proceeding with the compiler's result
configure:4316: checking for stdlib.h
configure:4316: result: yes
configure:4326: checking for GNU libc compatible malloc
configure:4350: gcc -o conftest -g -O2 -I${includedir}/libusb-1.0 -I${oldincludedir}/libusb-1.0   conftest.c  -lusb-1.0 >&5
configure:4350: $? = 0
configure:4350: ./conftest
configure:4350: $? = 0
configure:4360: result: yes
configure:4381: checking for working memcmp
configure:4424: gcc -o conftest -g -O2 -I${includedir}/libusb-1.0 -I${oldincludedir}/libusb-1.0   conftest.c  -lusb-1.0 >&5
conftest.c:53:7: warning: implicitly declaring library function 'memcmp' with type 'int (const void *, const void *, unsigned long)' [-Wimplicit-function-declaration]
  if (memcmp(&c0, &c2, 1) >= 0 || memcmp(&c1, &c2, 1) >= 0)
      ^
conftest.c:53:7: note: include the header <string.h> or explicitly provide a declaration for 'memcmp'
conftest.c:67:2: warning: implicitly declaring library function 'strcpy' with type 'char *(char *, const char *)' [-Wimplicit-function-declaration]
        strcpy (a, "--------01111111");
        ^
conftest.c:67:2: note: include the header <string.h> or explicitly provide a declaration for 'strcpy'
2 warnings generated.
configure:4424: $? = 0
configure:4424: ./conftest
configure:4424: $? = 0
configure:4434: result: yes
configure:4581: creating ./config.status

## ---------------------- ##
## Running config.status. ##
## ---------------------- ##

This file was extended by dfu-programmer config.status 0.7.0, which was
generated by GNU Autoconf 2.68.  Invocation command line was

  CONFIG_FILES    = 
  CONFIG_HEADERS  = 
  CONFIG_LINKS    = 
  CONFIG_COMMANDS = 
  $ ./config.status 

on Slackbook

config.status:859: creating fedora/dfu-programmer.spec
config.status:859: creating Makefile
config.status:859: creating docs/Makefile
config.status:859: creating src/Makefile
config.status:859: creating src/config.h
config.status:1040: src/config.h is unchanged
config.status:1088: executing depfiles commands

## ---------------- ##
## Cache variables. ##
## ---------------- ##

ac_cv_c_compiler_gnu=yes
ac_cv_c_const=yes
ac_cv_env_CC_set=
ac_cv_env_CC_value=
ac_cv_env_CFLAGS_set=
ac_cv_env_CFLAGS_value=
ac_cv_env_CPPFLAGS_set=
ac_cv_env_CPPFLAGS_value=
ac_cv_env_CPP_set=
ac_cv_env_CPP_value=
ac_cv_env_LDFLAGS_set=
ac_cv_env_LDFLAGS_value=
ac_cv_env_LIBS_set=
ac_cv_env_LIBS_value=
ac_cv_env_build_alias_set=
ac_cv_env_build_alias_value=
ac_cv_env_host_alias_set=
ac_cv_env_host_alias_value=
ac_cv_env_target_alias_set=
ac_cv_env_target_alias_value=
ac_cv_func_malloc_0_nonnull=yes
ac_cv_func_memcmp_working=yes
ac_cv_header_stdc=no
ac_cv_header_stdlib_h=yes
ac_cv_objext=o
ac_cv_path_install='/usr/bin/install -c'
ac_cv_prog_AWK=awk
ac_cv_prog_ac_ct_CC=gcc
ac_cv_prog_cc_c89=
ac_cv_prog_cc_g=yes
ac_cv_prog_make_make_set=yes
ac_cv_type_size_t=yes
am_cv_CC_dependencies_compiler_type=gcc3

## ----------------- ##
## Output variables. ##
## ----------------- ##

ACLOCAL='${SHELL} /Users/rl/Sites/libraries/qmk/server/dfu-programmer/m4/missing --run aclocal-1.11'
AMDEPBACKSLASH='\'
AMDEP_FALSE='#'
AMDEP_TRUE=''
AMTAR='${SHELL} /Users/rl/Sites/libraries/qmk/server/dfu-programmer/m4/missing --run tar'
AUTOCONF='${SHELL} /Users/rl/Sites/libraries/qmk/server/dfu-programmer/m4/missing --run autoconf'
AUTOHEADER='${SHELL} /Users/rl/Sites/libraries/qmk/server/dfu-programmer/m4/missing --run autoheader'
AUTOMAKE='${SHELL} /Users/rl/Sites/libraries/qmk/server/dfu-programmer/m4/missing --run automake-1.11'
AWK='awk'
CC='gcc'
CCDEPMODE='depmode=gcc3'
CFLAGS='-g -O2 -I${includedir}/libusb-1.0 -I${oldincludedir}/libusb-1.0'
CPP=''
CPPFLAGS=''
CYGPATH_W='echo'
DEFS='-DHAVE_CONFIG_H'
DEPDIR='.deps'
ECHO_C='\c'
ECHO_N=''
ECHO_T=''
EGREP=''
EXEEXT=''
GREP=''
INSTALL_DATA='${INSTALL} -m 644'
INSTALL_PROGRAM='${INSTALL}'
INSTALL_SCRIPT='${INSTALL}'
INSTALL_STRIP_PROGRAM='$(install_sh) -c -s'
LDFLAGS=''
LIBOBJS=''
LIBS=' -lusb-1.0'
LTLIBOBJS=''
MAINT='#'
MAINTAINER_MODE_FALSE=''
MAINTAINER_MODE_TRUE='#'
MAKEINFO='${SHELL} /Users/rl/Sites/libraries/qmk/server/dfu-programmer/m4/missing --run makeinfo'
MKDIR_P='m4/install-sh -c -d'
OBJEXT='o'
PACKAGE='dfu-programmer'
PACKAGE_BUGREPORT=''
PACKAGE_NAME='dfu-programmer'
PACKAGE_STRING='dfu-programmer 0.7.0'
PACKAGE_TARNAME='dfu-programmer'
PACKAGE_URL='https://github.com/dfu-programmer/dfu-programmer'
PACKAGE_VERSION='0.7.0'
PATH_SEPARATOR=':'
SET_MAKE=''
SHELL='/bin/sh'
STRIP=''
VERSION='0.7.0'
ac_ct_CC='gcc'
am__EXEEXT_FALSE=''
am__EXEEXT_TRUE='#'
am__fastdepCC_FALSE='#'
am__fastdepCC_TRUE=''
am__include='include'
am__isrc=''
am__leading_dot='.'
am__quote=''
am__tar='${AMTAR} chof - "$$tardir"'
am__untar='${AMTAR} xf -'
bindir='${exec_prefix}/bin'
build_alias=''
datadir='${datarootdir}'
datarootdir='${prefix}/share'
docdir='${datarootdir}/doc/${PACKAGE_TARNAME}'
dvidir='${docdir}'
exec_prefix='${prefix}'
host_alias=''
htmldir='${docdir}'
includedir='${prefix}/include'
infodir='${datarootdir}/info'
install_sh='${SHELL} /Users/rl/Sites/libraries/qmk/server/dfu-programmer/m4/install-sh'
libdir='${exec_prefix}/lib'
libexecdir='${exec_prefix}/libexec'
localedir='${datarootdir}/locale'
localstatedir='${prefix}/var'
mandir='${datarootdir}/man'
mkdir_p='$(top_builddir)/m4/install-sh -c -d'
oldincludedir='/usr/include'
pdfdir='${docdir}'
prefix='/usr/local'
program_transform_name='s,x,x,'
psdir='${docdir}'
sbindir='${exec_prefix}/sbin'
sharedstatedir='${prefix}/com'
sysconfdir='${prefix}/etc'
target_alias=''

## ----------- ##
## confdefs.h. ##
## ----------- ##

/* confdefs.h */
#define PACKAGE_NAME "dfu-programmer"
#define PACKAGE_TARNAME "dfu-programmer"
#define PACKAGE_VERSION "0.7.0"
#define PACKAGE_STRING "dfu-programmer 0.7.0"
#define PACKAGE_BUGREPORT ""
#define PACKAGE_URL "https://github.com/dfu-programmer/dfu-programmer"
#define PACKAGE "dfu-programmer"
#define VERSION "0.7.0"
#define HAVE_LIBUSB_1_0 1
#define HAVE_STDLIB_H 1
#define HAVE_MALLOC 1

configure: exit 0
